0 1
1 1
2 1
3 1
4 1
5 1
6 2
7 1
8 1
9 1
10 1
11 1

12 1
13 3
14 2
15 3
16 2
17 4
18 1
19 1
20 3
21 3
22 2
23 1
24 7
25 1
26 3
27 2
28 1
29 1
30 1
31 2
32 1
33 1
34 1
35 1
36 3
37 1
38 1
39 1
40 1
41 2
42 1
43 3
44 2
45 1
46 2
47 3
48 1
49 1
50 2
51 1
52 3
53 1
54 1
55 2
56 1
57 1
58 3
59 1
60 1
61 1
62 1
63 1
64 1
65 1
66 2
67 2
68 1
69 2
70 2
71 1
72 1
73 1
74 3
75 1
76 2
77 3
78 1
79 1
80 1
81 1
82 1
83 4
84 1
85 1
86 1
87 1
88 2
89 2
90 1
91 1
92 1
93 2
94 1
95 1
96 1
97 1
98 3
99 2
100 1
101 1
102 1
103 1
104 3
105 1
106 1
107 1
108 1
109 1
110 1
111 1
112 1
113 1
114 1
115 2
116 1
117 1
118 2
119 1
120 1
121 1
122 1
123 2
124 2
125 1
126 1
127 1
128 1
129 1
130 1
131 2
132 1
133 1
134 1
135 1
136 1
137 1
138 1
139 1
140 1
141 1
142 1
143 1
144 1
145 1
146 1
147 2
